<?xml version="1.0" encoding="UTF-8"?>
<robot generator="Robot 3.2.1 (Python 3.8.2 on linux)" generated="20200817 20:56:06.385" rpa="false">
<suite id="s1" name="TestSitePractice" source="/home/gabriel/development/robotframework/SuiteSiteTestePractice/tests/TestSitePractice.robot">
<test id="s1-t1" name="Caso de Teste 01: Pesquisar produtos existente">
<kw name="Abrir navegador" library="Resource" type="setup">
<kw name="Open Browser" library="SeleniumLibrary">
<doc>Opens a new browser instance to the optional ``url``.</doc>
<arguments>
<arg>about:blank</arg>
<arg>${BROWSER}</arg>
</arguments>
<msg timestamp="20200817 20:56:06.498" level="INFO">Opening browser 'chrome' to base url 'about:blank'.</msg>
<status status="PASS" starttime="20200817 20:56:06.498" endtime="20200817 20:56:07.910"></status>
</kw>
<status status="PASS" starttime="20200817 20:56:06.498" endtime="20200817 20:56:07.911"></status>
</kw>
<kw name="Acessar a página home do site" library="Resource">
<kw name="Go To" library="SeleniumLibrary">
<doc>Navigates the current browser window to the provided ``url``.</doc>
<arguments>
<arg>http://automationpractice.com</arg>
</arguments>
<msg timestamp="20200817 20:56:07.912" level="INFO">Opening url 'http://automationpractice.com'</msg>
<status status="PASS" starttime="20200817 20:56:07.912" endtime="20200817 20:56:14.206"></status>
</kw>
<kw name="Title Should Be" library="SeleniumLibrary">
<doc>Verifies that the current page title equals ``title``.</doc>
<arguments>
<arg>My Store</arg>
</arguments>
<msg timestamp="20200817 20:56:14.213" level="INFO">Page title is 'My Store'.</msg>
<status status="PASS" starttime="20200817 20:56:14.206" endtime="20200817 20:56:14.214"></status>
</kw>
<status status="PASS" starttime="20200817 20:56:07.911" endtime="20200817 20:56:14.214"></status>
</kw>
<kw name="Digitar o nome do produto &quot;Blouse&quot; no campo de pesquisa" library="Resource">
<kw name="Input Text" library="SeleniumLibrary">
<doc>Types the given ``text`` into the text field identified by ``locator``.</doc>
<arguments>
<arg>name=search_query</arg>
<arg>${PRODUTO}</arg>
</arguments>
<msg timestamp="20200817 20:56:14.216" level="INFO">Typing text 'Blouse' into text field 'name=search_query'.</msg>
<status status="PASS" starttime="20200817 20:56:14.215" endtime="20200817 20:56:14.328"></status>
</kw>
<status status="PASS" starttime="20200817 20:56:14.214" endtime="20200817 20:56:14.329"></status>
</kw>
<kw name="Clicar no botão pesquisar" library="Resource">
<kw name="Click Element" library="SeleniumLibrary">
<doc>Click the element identified by ``locator``.</doc>
<arguments>
<arg>name=submit_search</arg>
</arguments>
<msg timestamp="20200817 20:56:14.329" level="INFO">Clicking element 'name=submit_search'.</msg>
<status status="PASS" starttime="20200817 20:56:14.329" endtime="20200817 20:56:14.406"></status>
</kw>
<status status="PASS" starttime="20200817 20:56:14.329" endtime="20200817 20:56:14.406"></status>
</kw>
<kw name="Conferir se o produto &quot;Blouse&quot; foi listado no site" library="Resource">
<kw name="Wait Until Element Is Visible" library="SeleniumLibrary">
<doc>Waits until the element ``locator`` is visible.</doc>
<arguments>
<arg>css=#center_column &gt; h1</arg>
</arguments>
<status status="PASS" starttime="20200817 20:56:14.407" endtime="20200817 20:56:15.519"></status>
</kw>
<kw name="Title Should Be" library="SeleniumLibrary">
<doc>Verifies that the current page title equals ``title``.</doc>
<arguments>
<arg>Search - My Store</arg>
</arguments>
<msg timestamp="20200817 20:56:15.523" level="INFO">Page title is 'Search - My Store'.</msg>
<status status="PASS" starttime="20200817 20:56:15.519" endtime="20200817 20:56:15.523"></status>
</kw>
<kw name="Page Should Contain Image" library="SeleniumLibrary">
<doc>Verifies image identified by ``locator`` is found from current page.</doc>
<arguments>
<arg>xpath=//*[@id="center_column"]//*[@src='http://automationpractice.com/img/p/7/7-home_default.jpg']</arg>
</arguments>
<msg timestamp="20200817 20:56:15.540" level="INFO">Current page contains image 'xpath=//*[@id="center_column"]//*[@src='http://automationpractice.com/img/p/7/7-home_default.jpg']'.</msg>
<status status="PASS" starttime="20200817 20:56:15.523" endtime="20200817 20:56:15.540"></status>
</kw>
<kw name="Page Should Contain Link" library="SeleniumLibrary">
<doc>Verifies link identified by ``locator`` is found from current page.</doc>
<arguments>
<arg>xpath=//*[@id="center_column"]//a[@class="product-name"][contains(text(),"${PRODUTO}")]</arg>
</arguments>
<msg timestamp="20200817 20:56:15.557" level="INFO">Current page contains link 'xpath=//*[@id="center_column"]//a[@class="product-name"][contains(text(),"Blouse")]'.</msg>
<status status="PASS" starttime="20200817 20:56:15.540" endtime="20200817 20:56:15.557"></status>
</kw>
<status status="PASS" starttime="20200817 20:56:14.406" endtime="20200817 20:56:15.557"></status>
</kw>
<status status="PASS" starttime="20200817 20:56:06.497" endtime="20200817 20:56:15.557" critical="yes"></status>
</test>
<status status="PASS" starttime="20200817 20:56:06.385" endtime="20200817 20:56:15.558"></status>
</suite>
<statistics>
<total>
<stat pass="1" fail="0">Critical Tests</stat>
<stat pass="1" fail="0">All Tests</stat>
</total>
<tag>
</tag>
<suite>
<stat pass="1" fail="0" id="s1" name="TestSitePractice">TestSitePractice</stat>
</suite>
</statistics>
<errors>
</errors>
</robot>
